<?xml version="1.0" encoding="UTF-8"?>
<testsuite xmlns:xsi="http://www.w3.org/2001/XMLSchema-instance" xsi:noNamespaceSchemaLocation="https://maven.apache.org/surefire/maven-surefire-plugin/xsd/surefire-test-report.xsd" name="runners.Runner" time="12.369" tests="1" errors="0" skipped="0" failures="1">
  <properties>
    <property name="gopherProxySet" value="false"/>
    <property name="awt.toolkit" value="sun.lwawt.macosx.LWCToolkit"/>
    <property name="file.encoding.pkg" value="sun.io"/>
    <property name="java.specification.version" value="1.8"/>
    <property name="sun.cpu.isalist" value=""/>
    <property name="sun.jnu.encoding" value="UTF-8"/>
    <property name="java.class.path" value="/Users/aslanalybaev/Desktop/UnixSmokeSuite/chicago11cucumberjunit/target/test-classes:/Users/aslanalybaev/Desktop/UnixSmokeSuite/chicago11cucumberjunit/target/classes:/Users/aslanalybaev/.m2/repository/org/seleniumhq/selenium/selenium-java/3.141.59/selenium-java-3.141.59.jar:/Users/aslanalybaev/.m2/repository/org/seleniumhq/selenium/selenium-api/3.141.59/selenium-api-3.141.59.jar:/Users/aslanalybaev/.m2/repository/org/seleniumhq/selenium/selenium-chrome-driver/3.141.59/selenium-chrome-driver-3.141.59.jar:/Users/aslanalybaev/.m2/repository/org/seleniumhq/selenium/selenium-edge-driver/3.141.59/selenium-edge-driver-3.141.59.jar:/Users/aslanalybaev/.m2/repository/org/seleniumhq/selenium/selenium-firefox-driver/3.141.59/selenium-firefox-driver-3.141.59.jar:/Users/aslanalybaev/.m2/repository/org/seleniumhq/selenium/selenium-ie-driver/3.141.59/selenium-ie-driver-3.141.59.jar:/Users/aslanalybaev/.m2/repository/org/seleniumhq/selenium/selenium-opera-driver/3.141.59/selenium-opera-driver-3.141.59.jar:/Users/aslanalybaev/.m2/repository/org/seleniumhq/selenium/selenium-remote-driver/3.141.59/selenium-remote-driver-3.141.59.jar:/Users/aslanalybaev/.m2/repository/org/seleniumhq/selenium/selenium-safari-driver/3.141.59/selenium-safari-driver-3.141.59.jar:/Users/aslanalybaev/.m2/repository/org/seleniumhq/selenium/selenium-support/3.141.59/selenium-support-3.141.59.jar:/Users/aslanalybaev/.m2/repository/net/bytebuddy/byte-buddy/1.8.15/byte-buddy-1.8.15.jar:/Users/aslanalybaev/.m2/repository/org/apache/commons/commons-exec/1.3/commons-exec-1.3.jar:/Users/aslanalybaev/.m2/repository/com/google/guava/guava/25.0-jre/guava-25.0-jre.jar:/Users/aslanalybaev/.m2/repository/com/google/code/findbugs/jsr305/1.3.9/jsr305-1.3.9.jar:/Users/aslanalybaev/.m2/repository/org/checkerframework/checker-compat-qual/2.0.0/checker-compat-qual-2.0.0.jar:/Users/aslanalybaev/.m2/repository/com/google/errorprone/error_prone_annotations/2.1.3/error_prone_annotations-2.1.3.jar:/Users/aslanalybaev/.m2/repository/com/google/j2objc/j2objc-annotations/1.1/j2objc-annotations-1.1.jar:/Users/aslanalybaev/.m2/repository/org/codehaus/mojo/animal-sniffer-annotations/1.14/animal-sniffer-annotations-1.14.jar:/Users/aslanalybaev/.m2/repository/com/squareup/okhttp3/okhttp/3.11.0/okhttp-3.11.0.jar:/Users/aslanalybaev/.m2/repository/com/squareup/okio/okio/1.14.0/okio-1.14.0.jar:/Users/aslanalybaev/.m2/repository/com/github/javafaker/javafaker/0.18/javafaker-0.18.jar:/Users/aslanalybaev/.m2/repository/org/apache/commons/commons-lang3/3.5/commons-lang3-3.5.jar:/Users/aslanalybaev/.m2/repository/org/yaml/snakeyaml/1.23/snakeyaml-1.23-android.jar:/Users/aslanalybaev/.m2/repository/com/github/mifmif/generex/1.0.2/generex-1.0.2.jar:/Users/aslanalybaev/.m2/repository/dk/brics/automaton/automaton/1.11-8/automaton-1.11-8.jar:/Users/aslanalybaev/.m2/repository/io/github/bonigarcia/webdrivermanager/3.6.1/webdrivermanager-3.6.1.jar:/Users/aslanalybaev/.m2/repository/org/slf4j/slf4j-api/1.7.25/slf4j-api-1.7.25.jar:/Users/aslanalybaev/.m2/repository/commons-io/commons-io/2.6/commons-io-2.6.jar:/Users/aslanalybaev/.m2/repository/com/google/code/gson/gson/2.8.5/gson-2.8.5.jar:/Users/aslanalybaev/.m2/repository/org/apache/httpcomponents/httpclient/4.5.6/httpclient-4.5.6.jar:/Users/aslanalybaev/.m2/repository/org/apache/httpcomponents/httpcore/4.4.10/httpcore-4.4.10.jar:/Users/aslanalybaev/.m2/repository/commons-logging/commons-logging/1.2/commons-logging-1.2.jar:/Users/aslanalybaev/.m2/repository/commons-codec/commons-codec/1.10/commons-codec-1.10.jar:/Users/aslanalybaev/.m2/repository/org/rauschig/jarchivelib/1.0.0/jarchivelib-1.0.0.jar:/Users/aslanalybaev/.m2/repository/org/jsoup/jsoup/1.11.3/jsoup-1.11.3.jar:/Users/aslanalybaev/.m2/repository/io/cucumber/cucumber-java/4.2.0/cucumber-java-4.2.0.jar:/Users/aslanalybaev/.m2/repository/io/cucumber/cucumber-core/4.2.0/cucumber-core-4.2.0.jar:/Users/aslanalybaev/.m2/repository/io/cucumber/cucumber-html/0.2.7/cucumber-html-0.2.7.jar:/Users/aslanalybaev/.m2/repository/io/cucumber/gherkin/5.1.0/gherkin-5.1.0.jar:/Users/aslanalybaev/.m2/repository/io/cucumber/tag-expressions/1.1.1/tag-expressions-1.1.1.jar:/Users/aslanalybaev/.m2/repository/io/cucumber/cucumber-expressions/6.2.0/cucumber-expressions-6.2.0.jar:/Users/aslanalybaev/.m2/repository/io/cucumber/datatable/1.1.7/datatable-1.1.7.jar:/Users/aslanalybaev/.m2/repository/io/cucumber/datatable-dependencies/1.1.7/datatable-dependencies-1.1.7.jar:/Users/aslanalybaev/.m2/repository/io/cucumber/cucumber-junit/4.2.0/cucumber-junit-4.2.0.jar:/Users/aslanalybaev/.m2/repository/junit/junit/4.12/junit-4.12.jar:/Users/aslanalybaev/.m2/repository/org/hamcrest/hamcrest-core/1.3/hamcrest-core-1.3.jar:/Users/aslanalybaev/.m2/repository/org/apache/poi/poi-ooxml/4.0.1/poi-ooxml-4.0.1.jar:/Users/aslanalybaev/.m2/repository/org/apache/poi/poi/4.0.1/poi-4.0.1.jar:/Users/aslanalybaev/.m2/repository/org/apache/commons/commons-collections4/4.2/commons-collections4-4.2.jar:/Users/aslanalybaev/.m2/repository/org/apache/commons/commons-math3/3.6.1/commons-math3-3.6.1.jar:/Users/aslanalybaev/.m2/repository/org/apache/poi/poi-ooxml-schemas/4.0.1/poi-ooxml-schemas-4.0.1.jar:/Users/aslanalybaev/.m2/repository/org/apache/xmlbeans/xmlbeans/3.0.2/xmlbeans-3.0.2.jar:/Users/aslanalybaev/.m2/repository/org/apache/commons/commons-compress/1.18/commons-compress-1.18.jar:/Users/aslanalybaev/.m2/repository/com/github/virtuald/curvesapi/1.05/curvesapi-1.05.jar:"/>
    <property name="java.vm.vendor" value="Oracle Corporation"/>
    <property name="sun.arch.data.model" value="64"/>
    <property name="java.vendor.url" value="http://java.oracle.com/"/>
    <property name="user.timezone" value=""/>
    <property name="java.vm.specification.version" value="1.8"/>
    <property name="os.name" value="Mac OS X"/>
    <property name="user.country" value="US"/>
    <property name="sun.java.launcher" value="SUN_STANDARD"/>
    <property name="sun.boot.library.path" value="/Library/Java/JavaVirtualMachines/jdk1.8.0_151.jdk/Contents/Home/jre/lib"/>
    <property name="sun.java.command" value="/Users/aslanalybaev/Desktop/UnixSmokeSuite/chicago11cucumberjunit/target/surefire/surefirebooter8012948418994853087.jar /Users/aslanalybaev/Desktop/UnixSmokeSuite/chicago11cucumberjunit/target/surefire 2019-07-31T19-10-55_991-jvmRun1 surefire8904815709670410157tmp surefire_04992551582720127753tmp"/>
    <property name="http.nonProxyHosts" value="local|*.local|169.254/16|*.169.254/16"/>
    <property name="surefire.test.class.path" value="/Users/aslanalybaev/Desktop/UnixSmokeSuite/chicago11cucumberjunit/target/test-classes:/Users/aslanalybaev/Desktop/UnixSmokeSuite/chicago11cucumberjunit/target/classes:/Users/aslanalybaev/.m2/repository/org/seleniumhq/selenium/selenium-java/3.141.59/selenium-java-3.141.59.jar:/Users/aslanalybaev/.m2/repository/org/seleniumhq/selenium/selenium-api/3.141.59/selenium-api-3.141.59.jar:/Users/aslanalybaev/.m2/repository/org/seleniumhq/selenium/selenium-chrome-driver/3.141.59/selenium-chrome-driver-3.141.59.jar:/Users/aslanalybaev/.m2/repository/org/seleniumhq/selenium/selenium-edge-driver/3.141.59/selenium-edge-driver-3.141.59.jar:/Users/aslanalybaev/.m2/repository/org/seleniumhq/selenium/selenium-firefox-driver/3.141.59/selenium-firefox-driver-3.141.59.jar:/Users/aslanalybaev/.m2/repository/org/seleniumhq/selenium/selenium-ie-driver/3.141.59/selenium-ie-driver-3.141.59.jar:/Users/aslanalybaev/.m2/repository/org/seleniumhq/selenium/selenium-opera-driver/3.141.59/selenium-opera-driver-3.141.59.jar:/Users/aslanalybaev/.m2/repository/org/seleniumhq/selenium/selenium-remote-driver/3.141.59/selenium-remote-driver-3.141.59.jar:/Users/aslanalybaev/.m2/repository/org/seleniumhq/selenium/selenium-safari-driver/3.141.59/selenium-safari-driver-3.141.59.jar:/Users/aslanalybaev/.m2/repository/org/seleniumhq/selenium/selenium-support/3.141.59/selenium-support-3.141.59.jar:/Users/aslanalybaev/.m2/repository/net/bytebuddy/byte-buddy/1.8.15/byte-buddy-1.8.15.jar:/Users/aslanalybaev/.m2/repository/org/apache/commons/commons-exec/1.3/commons-exec-1.3.jar:/Users/aslanalybaev/.m2/repository/com/google/guava/guava/25.0-jre/guava-25.0-jre.jar:/Users/aslanalybaev/.m2/repository/com/google/code/findbugs/jsr305/1.3.9/jsr305-1.3.9.jar:/Users/aslanalybaev/.m2/repository/org/checkerframework/checker-compat-qual/2.0.0/checker-compat-qual-2.0.0.jar:/Users/aslanalybaev/.m2/repository/com/google/errorprone/error_prone_annotations/2.1.3/error_prone_annotations-2.1.3.jar:/Users/aslanalybaev/.m2/repository/com/google/j2objc/j2objc-annotations/1.1/j2objc-annotations-1.1.jar:/Users/aslanalybaev/.m2/repository/org/codehaus/mojo/animal-sniffer-annotations/1.14/animal-sniffer-annotations-1.14.jar:/Users/aslanalybaev/.m2/repository/com/squareup/okhttp3/okhttp/3.11.0/okhttp-3.11.0.jar:/Users/aslanalybaev/.m2/repository/com/squareup/okio/okio/1.14.0/okio-1.14.0.jar:/Users/aslanalybaev/.m2/repository/com/github/javafaker/javafaker/0.18/javafaker-0.18.jar:/Users/aslanalybaev/.m2/repository/org/apache/commons/commons-lang3/3.5/commons-lang3-3.5.jar:/Users/aslanalybaev/.m2/repository/org/yaml/snakeyaml/1.23/snakeyaml-1.23-android.jar:/Users/aslanalybaev/.m2/repository/com/github/mifmif/generex/1.0.2/generex-1.0.2.jar:/Users/aslanalybaev/.m2/repository/dk/brics/automaton/automaton/1.11-8/automaton-1.11-8.jar:/Users/aslanalybaev/.m2/repository/io/github/bonigarcia/webdrivermanager/3.6.1/webdrivermanager-3.6.1.jar:/Users/aslanalybaev/.m2/repository/org/slf4j/slf4j-api/1.7.25/slf4j-api-1.7.25.jar:/Users/aslanalybaev/.m2/repository/commons-io/commons-io/2.6/commons-io-2.6.jar:/Users/aslanalybaev/.m2/repository/com/google/code/gson/gson/2.8.5/gson-2.8.5.jar:/Users/aslanalybaev/.m2/repository/org/apache/httpcomponents/httpclient/4.5.6/httpclient-4.5.6.jar:/Users/aslanalybaev/.m2/repository/org/apache/httpcomponents/httpcore/4.4.10/httpcore-4.4.10.jar:/Users/aslanalybaev/.m2/repository/commons-logging/commons-logging/1.2/commons-logging-1.2.jar:/Users/aslanalybaev/.m2/repository/commons-codec/commons-codec/1.10/commons-codec-1.10.jar:/Users/aslanalybaev/.m2/repository/org/rauschig/jarchivelib/1.0.0/jarchivelib-1.0.0.jar:/Users/aslanalybaev/.m2/repository/org/jsoup/jsoup/1.11.3/jsoup-1.11.3.jar:/Users/aslanalybaev/.m2/repository/io/cucumber/cucumber-java/4.2.0/cucumber-java-4.2.0.jar:/Users/aslanalybaev/.m2/repository/io/cucumber/cucumber-core/4.2.0/cucumber-core-4.2.0.jar:/Users/aslanalybaev/.m2/repository/io/cucumber/cucumber-html/0.2.7/cucumber-html-0.2.7.jar:/Users/aslanalybaev/.m2/repository/io/cucumber/gherkin/5.1.0/gherkin-5.1.0.jar:/Users/aslanalybaev/.m2/repository/io/cucumber/tag-expressions/1.1.1/tag-expressions-1.1.1.jar:/Users/aslanalybaev/.m2/repository/io/cucumber/cucumber-expressions/6.2.0/cucumber-expressions-6.2.0.jar:/Users/aslanalybaev/.m2/repository/io/cucumber/datatable/1.1.7/datatable-1.1.7.jar:/Users/aslanalybaev/.m2/repository/io/cucumber/datatable-dependencies/1.1.7/datatable-dependencies-1.1.7.jar:/Users/aslanalybaev/.m2/repository/io/cucumber/cucumber-junit/4.2.0/cucumber-junit-4.2.0.jar:/Users/aslanalybaev/.m2/repository/junit/junit/4.12/junit-4.12.jar:/Users/aslanalybaev/.m2/repository/org/hamcrest/hamcrest-core/1.3/hamcrest-core-1.3.jar:/Users/aslanalybaev/.m2/repository/org/apache/poi/poi-ooxml/4.0.1/poi-ooxml-4.0.1.jar:/Users/aslanalybaev/.m2/repository/org/apache/poi/poi/4.0.1/poi-4.0.1.jar:/Users/aslanalybaev/.m2/repository/org/apache/commons/commons-collections4/4.2/commons-collections4-4.2.jar:/Users/aslanalybaev/.m2/repository/org/apache/commons/commons-math3/3.6.1/commons-math3-3.6.1.jar:/Users/aslanalybaev/.m2/repository/org/apache/poi/poi-ooxml-schemas/4.0.1/poi-ooxml-schemas-4.0.1.jar:/Users/aslanalybaev/.m2/repository/org/apache/xmlbeans/xmlbeans/3.0.2/xmlbeans-3.0.2.jar:/Users/aslanalybaev/.m2/repository/org/apache/commons/commons-compress/1.18/commons-compress-1.18.jar:/Users/aslanalybaev/.m2/repository/com/github/virtuald/curvesapi/1.05/curvesapi-1.05.jar:"/>
    <property name="sun.cpu.endian" value="little"/>
    <property name="user.home" value="/Users/aslanalybaev"/>
    <property name="user.language" value="en"/>
    <property name="java.specification.vendor" value="Oracle Corporation"/>
    <property name="java.home" value="/Library/Java/JavaVirtualMachines/jdk1.8.0_151.jdk/Contents/Home/jre"/>
    <property name="basedir" value="/Users/aslanalybaev/Desktop/UnixSmokeSuite/chicago11cucumberjunit"/>
    <property name="file.separator" value="/"/>
    <property name="line.separator" value="&#10;"/>
    <property name="java.vm.specification.vendor" value="Oracle Corporation"/>
    <property name="java.specification.name" value="Java Platform API Specification"/>
    <property name="java.awt.graphicsenv" value="sun.awt.CGraphicsEnvironment"/>
    <property name="surefire.real.class.path" value="/Users/aslanalybaev/Desktop/UnixSmokeSuite/chicago11cucumberjunit/target/surefire/surefirebooter8012948418994853087.jar"/>
    <property name="sun.boot.class.path" value="/Library/Java/JavaVirtualMachines/jdk1.8.0_151.jdk/Contents/Home/jre/lib/resources.jar:/Library/Java/JavaVirtualMachines/jdk1.8.0_151.jdk/Contents/Home/jre/lib/rt.jar:/Library/Java/JavaVirtualMachines/jdk1.8.0_151.jdk/Contents/Home/jre/lib/sunrsasign.jar:/Library/Java/JavaVirtualMachines/jdk1.8.0_151.jdk/Contents/Home/jre/lib/jsse.jar:/Library/Java/JavaVirtualMachines/jdk1.8.0_151.jdk/Contents/Home/jre/lib/jce.jar:/Library/Java/JavaVirtualMachines/jdk1.8.0_151.jdk/Contents/Home/jre/lib/charsets.jar:/Library/Java/JavaVirtualMachines/jdk1.8.0_151.jdk/Contents/Home/jre/lib/jfr.jar:/Library/Java/JavaVirtualMachines/jdk1.8.0_151.jdk/Contents/Home/jre/classes"/>
    <property name="sun.management.compiler" value="HotSpot 64-Bit Tiered Compilers"/>
    <property name="ftp.nonProxyHosts" value="local|*.local|169.254/16|*.169.254/16"/>
    <property name="java.runtime.version" value="1.8.0_151-b12"/>
    <property name="user.name" value="aslanalybaev"/>
    <property name="path.separator" value=":"/>
    <property name="os.version" value="10.14.5"/>
    <property name="java.endorsed.dirs" value="/Library/Java/JavaVirtualMachines/jdk1.8.0_151.jdk/Contents/Home/jre/lib/endorsed"/>
    <property name="java.runtime.name" value="Java(TM) SE Runtime Environment"/>
    <property name="file.encoding" value="UTF-8"/>
    <property name="java.vm.name" value="Java HotSpot(TM) 64-Bit Server VM"/>
    <property name="localRepository" value="/Users/aslanalybaev/.m2/repository"/>
    <property name="cucumber.options" value="--tags @etsy"/>
    <property name="java.vendor.url.bug" value="http://bugreport.sun.com/bugreport/"/>
    <property name="java.io.tmpdir" value="/var/folders/_b/b7tdxyv927gb2zy5rs2_3bb40000gn/T/"/>
    <property name="java.version" value="1.8.0_151"/>
    <property name="user.dir" value="/Users/aslanalybaev/Desktop/UnixSmokeSuite/chicago11cucumberjunit"/>
    <property name="os.arch" value="x86_64"/>
    <property name="java.vm.specification.name" value="Java Virtual Machine Specification"/>
    <property name="java.awt.printerjob" value="sun.lwawt.macosx.CPrinterJob"/>
    <property name="sun.os.patch.level" value="unknown"/>
    <property name="java.library.path" value="/Users/aslanalybaev/Library/Java/Extensions:/Library/Java/Extensions:/Network/Library/Java/Extensions:/System/Library/Java/Extensions:/usr/lib/java:."/>
    <property name="java.vm.info" value="mixed mode"/>
    <property name="java.vendor" value="Oracle Corporation"/>
    <property name="java.vm.version" value="25.151-b12"/>
    <property name="java.ext.dirs" value="/Users/aslanalybaev/Library/Java/Extensions:/Library/Java/JavaVirtualMachines/jdk1.8.0_151.jdk/Contents/Home/jre/lib/ext:/Library/Java/Extensions:/Network/Library/Java/Extensions:/System/Library/Java/Extensions:/usr/lib/java"/>
    <property name="sun.io.unicode.encoding" value="UnicodeBig"/>
    <property name="java.class.version" value="52.0"/>
    <property name="socksNonProxyHosts" value="local|*.local|169.254/16|*.169.254/16"/>
  </properties>
  <testcase name="Etsy title verification using search feature" classname="Etsy search feature" time="11.938">
    <failure type="java.lang.AssertionError">java.lang.AssertionError
</failure>
    <system-out><![CDATA[This is Hooks setup method
Hooks clean up
Etsy title verification using search feature
FAILED
]]></system-out>
    <system-err><![CDATA[SLF4J: Failed to load class "org.slf4j.impl.StaticLoggerBinder".
SLF4J: Defaulting to no-operation (NOP) logger implementation
SLF4J: See http://www.slf4j.org/codes.html#StaticLoggerBinder for further details.
Starting ChromeDriver 75.0.3770.8 (681f24ea911fe754973dda2fdc6d2a2e159dd300-refs/branch-heads/3770@{#40}) on port 10355
Only local connections are allowed.
Please protect ports used by ChromeDriver and related test frameworks to prevent access by malicious code.
Jul 31, 2019 7:10:59 PM org.openqa.selenium.remote.ProtocolHandshake createSession
INFO: Detected dialect: W3C
]]></system-err>
  </testcase>
</testsuite>